Port 3000 is already in use
{
  LEADER_HISTORY_SEQ: 3,
  LEADER_SEQ: 1,
  HISTORY_NUM: '01',
  TRADE_TYPE: 'TT01',
  TRADE_SYMBOL: 'test_sym',
  TRADE_MARKET: 'test_market',
  TRADE_PRICE: '10000',
  TRADE_VOLUME: 10,
  REG_DT: 2022-07-14T06:52:32.000Z
}
{"LEADER_HISTORY_SEQ":3,"LEADER_SEQ":1,"HISTORY_NUM":"01","TRADE_TYPE":"TT01","TRADE_SYMBOL":"test_sym","TRADE_MARKET":"test_market","TRADE_PRICE":"10000","TRADE_VOLUME":10,"REG_DT":"2022-07-14T06:52:32.000Z"}
[0mGET /api/LT_history [32m200 [0m10.596 ms - 209[0m
{
  LEADER_SEQ: 1,
  LEADER_UID: '1',
  LEADER_NAME: 'test_leader',
  LEADER_IMAGE: null,
  LEADER_CAPACITY: 999,
  LEADER_PRICE: '99',
  LEADER_AMOUNT: '100000',
  EXCHANGE_TYPE: 'ET01',
  ACCESS_KEY: 'test_a_k',
  SECRET_KEY: 'test_s_k',
  TRADER_ST: 'RS01',
  REG_DT: 1999-10-12T06:51:24.000Z,
  MOD_DT: 2021-10-12T06:51:31.000Z
}
{"LEADER_SEQ":1,"LEADER_UID":"1","LEADER_NAME":"test_leader","LEADER_IMAGE":null,"LEADER_CAPACITY":999,"LEADER_PRICE":"99","LEADER_AMOUNT":"100000","EXCHANGE_TYPE":"ET01","ACCESS_KEY":"test_a_k","SECRET_KEY":"test_s_k","TRADER_ST":"RS01","REG_DT":"1999-10-12T06:51:24.000Z","MOD_DT":"2021-10-12T06:51:31.000Z"}
[0mGET /api/LT_info [32m200 [0m5.655 ms - 310[0m
[33m[nodemon] 2.0.20[39m
[33m[nodemon] to restart at any time, enter `rs`[39m
[33m[nodemon] watching path(s): *.*[39m
[33m[nodemon] watching extensions: js,mjs,json[39m
[32m[nodemon] starting `node bin/www`[39m
node:events:491
      throw er; // Unhandled 'error' event
      ^

Error: EBADF: bad file descriptor, read
Emitted 'error' event on ReadStream instance at:
    at emitErrorNT (node:internal/streams/destroy:157:8)
    at errorOrDestroy (node:internal/streams/destroy:220:7)
    at node:internal/fs/streams:262:9
    at FSReqCallback.wrapper [as oncomplete] (node:fs:675:5) {
  errno: -9,
  code: 'EBADF',
  syscall: 'read'
}
[33m[nodemon] 2.0.20[39m
[33m[nodemon] to restart at any time, enter `rs`[39m
[33m[nodemon] watching path(s): *.*[39m
[33m[nodemon] watching extensions: js,mjs,json[39m
[32m[nodemon] starting `node bin/www`[39m
node:events:491
      throw er; // Unhandled 'error' event
      ^

Error: EBADF: bad file descriptor, read
Emitted 'error' event on ReadStream instance at:
    at emitErrorNT (node:internal/streams/destroy:157:8)
    at errorOrDestroy (node:internal/streams/destroy:220:7)
    at node:internal/fs/streams:262:9
    at FSReqCallback.wrapper [as oncomplete] (node:fs:675:5) {
  errno: -9,
  code: 'EBADF',
  syscall: 'read'
}
Port 3000 is already in use
{
  LEADER_SEQ: 1,
  LEADER_UID: '1',
  LEADER_NAME: 'test_leader',
  LEADER_IMAGE: null,
  LEADER_CAPACITY: 999,
  LEADER_PRICE: '99',
  LEADER_AMOUNT: '100000',
  EXCHANGE_TYPE: 'ET01',
  ACCESS_KEY: 'test_a_k',
  SECRET_KEY: 'test_s_k',
  TRADER_ST: 'RS01',
  REG_DT: 1999-10-12T06:51:24.000Z,
  MOD_DT: 2021-10-12T06:51:31.000Z
}
{"LEADER_SEQ":1,"LEADER_UID":"1","LEADER_NAME":"test_leader","LEADER_IMAGE":null,"LEADER_CAPACITY":999,"LEADER_PRICE":"99","LEADER_AMOUNT":"100000","EXCHANGE_TYPE":"ET01","ACCESS_KEY":"test_a_k","SECRET_KEY":"test_s_k","TRADER_ST":"RS01","REG_DT":"1999-10-12T06:51:24.000Z","MOD_DT":"2021-10-12T06:51:31.000Z"}
[0mGET /api/LT_info [32m200 [0m11.518 ms - 310[0m
{
  LEADER_HISTORY_SEQ: 3,
  LEADER_SEQ: 1,
  HISTORY_NUM: '01',
  TRADE_TYPE: 'TT01',
  TRADE_SYMBOL: 'test_sym',
  TRADE_MARKET: 'test_market',
  TRADE_PRICE: '10000',
  TRADE_VOLUME: 10,
  REG_DT: 2022-07-14T06:52:32.000Z
}
{"LEADER_HISTORY_SEQ":3,"LEADER_SEQ":1,"HISTORY_NUM":"01","TRADE_TYPE":"TT01","TRADE_SYMBOL":"test_sym","TRADE_MARKET":"test_market","TRADE_PRICE":"10000","TRADE_VOLUME":10,"REG_DT":"2022-07-14T06:52:32.000Z"}
[0mGET /api/LT_history [32m200 [0m5.650 ms - 209[0m
[0mGET / [32m200 [0m7.867 ms - 176[0m
sudo: 암호가 필요합니다
